<?xml version="1.0" encoding="UTF-8"?>
<testsuite xmlns:xsi="http://www.w3.org/2001/XMLSchema-instance" xsi:noNamespaceSchemaLocation="https://maven.apache.org/surefire/maven-surefire-plugin/xsd/surefire-test-report-3.0.xsd" version="3.0" name="NumberQuizGameStartTest" time="0.063" tests="2" errors="0" skipped="0" failures="0">
  <properties>
[...]
</properties>
  <testcase name="shouldThrownException_When_RangeGreaterThan100" classname="NumberQuizGameStartTest" time="0.035"/>
  <testcase name="shouldGenerateNumberInRangeFrom0to100" classname="NumberQuizGameStartTest" time="0.004"/>
</testsuite>